no.	s/r/d	tm	type	seq_snt	nbb	ack_rcv
1	snd	0.000290	S	26	0	0
2	rcv	0.000801	AS	26	0	0
3	snd	0.000927	A	26	0	25
27 (['54828', '5967', '27', 'None', '0', '0', '0', '1'], b'import time\nfrom socket import *\nimport sys\n\nnb_pi')
77 (['54828', '5967', '77', 'None', '0', '0', '0', '1'], b'ng  = 1\nhost = sys.argv[1]\nport = sys.argv[2]\n\n#pr')
127 (['54828', '5967', '127', 'None', '0', '0', '0', '1'], b'int (host, port)\n\nwhile nb_ping < 11:\n\n    sock = ')
177 (['54828', '5967', '177', 'None', '0', '0', '0', '1'], b'socket(AF_INET, SOCK_DGRAM)\n\n    sock.settimeout(1')
227 (['54828', '5967', '227', 'None', '0', '0', '0', '1'], b')\n\n    start_time, l_start_time = time.time(), tim')
277 (['54828', '5967', '277', 'None', '0', '0', '0', '1'], b'e.localtime()\n\n    timestamp = str(l_start_time.tm')
327 (['54828', '5967', '327', 'None', '0', '0', '0', '1'], b'_year) +str(l_start_time.tm_mon) + \\\n             ')
377 (['54828', '5967', '377', 'None', '0', '0', '0', '1'], b'   str(l_start_time.tm_mday) + str(l_start_time.tm')
427 (['54828', '5967', '427', 'None', '0', '0', '0', '1'], b'_hour) +\\\n                str(l_start_time.tm_min)')
477 (['54828', '5967', '477', 'None', '0', '0', '0', '1'], b" + str(l_start_time.tm_sec)\n\n    message = 'PING'+")
527 (['54828', '5967', '527', 'None', '0', '0', '0', '1'], b" ' ' + str(nb_ping) + ' ' + timestamp + '\\r\\n'\n\n  ")
577 (['54828', '5967', '577', 'None', '0', '0', '0', '1'], b'  address = (str(host), int(port))\n\n\n    sock.send')
627 (['54828', '5967', '627', 'None', '0', '0', '0', '1'], b"to(message.encode('ascii'), address)\n\n\n    try:\n  ")
677 (['54828', '5967', '677', 'None', '0', '0', '0', '1'], b'      r_message, server = sock.recvfrom(1024)\n    ')
727 (['54828', '5967', '727', 'None', '0', '0', '0', '1'], b'    end_time = time.time()\n        rtt = end_time-')
777 (['54828', '5967', '777', 'None', '0', '0', '0', '1'], b"start_time\n        r_message = r_message.decode('a")
827 (['54828', '5967', '827', 'None', '0', '0', '0', '1'], b"scii')\n        #print (r_message  + ' ' + str(nb_p")
877 (['54828', '5967', '877', 'None', '0', '0', '0', '1'], b"ing) + ' from server ' + str(server))\n        prin")
927 (['54828', '5967', '927', 'None', '0', '0', '0', '1'], b"t ('ping to ' + host+', seq = '+ str(nb_ping) +\\\n ")
977 (['54828', '5967', '977', 'None', '0', '0', '0', '1'], b"              ', rtt = ' +str(round(rtt*1000,2))+'")
1027 (['54828', '5967', '1027', 'None', '0', '0', '0', '1'], b" ms')\n    except timeout:\n        print ('REQUEST ")
1077 (['54828', '5967', '1077', 'None', '0', '0', '0', '1'], b"TIMED OUT')\n\n    nb_ping += 1\n")
4	drp	0.003035	D	27	50	25
5	drp	0.003109	D	77	50	25
6	snd	10.003987	D	127	50	25
7	snd	10.004166	D	127	50	25
8	rcv	10.004449	A	127	0	25
9	snd	10.004639	D	127	50	27
10	rcv	10.006168	A	177	0	27
11	drp	10.006275	D	177	50	77
12	rcv	10.006423	A	227	0	77
13	drp	10.006512	D	227	50	127
14	snd	20.007791	D	277	50	127
15	snd	20.007934	D	277	50	127
16	snd	20.008062	D	277	50	127
17	rcv	20.008165	A	277	0	127
18	rcv	20.008427	A	277	0	127
19	snd	20.008572	D	277	50	177
20	rcv	20.008654	A	327	0	177
21	drp	20.008710	D	327	50	227
22	rcv	20.008907	A	377	0	227
23	drp	20.008982	D	377	50	277
24	snd	30.012403	D	427	50	277
25	snd	30.012518	D	427	50	277
26	snd	30.012602	D	427	50	277
27	rcv	30.012778	A	427	0	277
28	rcv	30.013096	A	427	0	277
29	snd	30.013243	D	427	50	327
30	rcv	30.013333	A	477	0	327
31	drp	30.013399	D	477	50	377
32	rcv	30.013513	A	527	0	377
33	drp	30.013589	D	527	50	427
34	snd	40.016550	D	577	50	427
35	snd	40.016638	D	577	50	427
36	snd	40.016736	D	577	50	427
37	rcv	40.016859	A	577	0	427
38	rcv	40.017092	A	577	0	427
39	snd	40.017197	D	577	50	477
40	rcv	40.017367	A	627	0	477
41	snd	40.017498	D	627	50	527
42	rcv	40.017604	A	677	0	527
43	drp	40.017683	D	677	50	577
44	rcv	40.017799	A	727	0	577
45	drp	40.017866	D	727	50	627
46	snd	50.023005	D	777	50	627
47	snd	50.023135	D	777	50	627
48	snd	50.023228	D	777	50	627
49	rcv	50.023440	A	777	0	627
50	rcv	50.023671	A	777	0	627
51	snd	50.023848	D	777	50	677
52	rcv	50.024127	A	827	0	677
53	drp	50.024207	D	827	50	727
54	rcv	50.024295	A	877	0	727
55	snd	50.024429	D	877	50	777
56	rcv	50.024791	A	927	0	777
57	snd	50.024934	D	927	50	877
58	snd	50.025037	D	977	50	877
59	rcv	50.027173	A	1027	0	877
60	snd	50.027431	D	1027	50	927
61	rcv	50.027531	A	1077	0	927
62	snd	50.027677	D	1077	30	977
63	rcv	50.027779	A	1127	0	977
64	rcv	50.028224	A	1127	0	1027
65	snd	50.028461	F	1127	0	1077
